2020-06-12T14:21:05.928465+09:00 0 [Warning] [MY-011070] [Server] 'Disabling symbolic links using --skip-symbolic-links (or equivalent) is the default. Consider not using this option as it' is deprecated and will be removed in a future release.
2020-06-12T14:21:05.928635+09:00 0 [System] [MY-013169] [Server] /usr/sbin/mysqld (mysqld 8.0.20) initializing of server in progress as process 43
2020-06-12T14:21:05.947067+09:00 1 [System] [MY-013576] [InnoDB] InnoDB initialization has started.
2020-06-12T14:21:06.658307+09:00 1 [System] [MY-013577] [InnoDB] InnoDB initialization has ended.
2020-06-12T14:21:08.281815+09:00 6 [Warning] [MY-010453] [Server] root@localhost is created with an empty password ! Please consider switching off the --initialize-insecure option.
2020-06-12T14:21:18.299624+09:00 0 [Warning] [MY-011070] [Server] 'Disabling symbolic links using --skip-symbolic-links (or equivalent) is the default. Consider not using this option as it' is deprecated and will be removed in a future release.
2020-06-12T14:21:18.299807+09:00 0 [System] [MY-010116] [Server] /usr/sbin/mysqld (mysqld 8.0.20) starting as process 90
2020-06-12T14:21:18.331377+09:00 1 [System] [MY-013576] [InnoDB] InnoDB initialization has started.
2020-06-12T14:21:18.620646+09:00 1 [System] [MY-013577] [InnoDB] InnoDB initialization has ended.
2020-06-12T14:21:18.755147+09:00 0 [System] [MY-011323] [Server] X Plugin ready for connections. Socket: '/var/run/mysqld/mysqlx.sock'
2020-06-12T14:21:18.909757+09:00 0 [Warning] [MY-010068] [Server] CA certificate ca.pem is self signed.
2020-06-12T14:21:18.912426+09:00 0 [Warning] [MY-011810] [Server] Insecure configuration for --pid-file: Location '/var/run/mysqld' in the path is accessible to all OS users. Consider choosing a different directory.
2020-06-12T14:21:18.954808+09:00 0 [System] [MY-010931] [Server] /usr/sbin/mysqld: ready for connections. Version: '8.0.20'  socket: '/var/run/mysqld/mysqld.sock'  port: 0  MySQL Community Server - GPL.
2020-06-12T14:21:30.671128+09:00 14 [System] [MY-013172] [Server] Received SHUTDOWN from user root. Shutting down mysqld (Version: 8.0.20).
2020-06-12T14:21:32.161218+09:00 0 [System] [MY-010910] [Server] /usr/sbin/mysqld: Shutdown complete (mysqld 8.0.20)  MySQL Community Server - GPL.
2020-06-12T14:21:32.932394+09:00 0 [Warning] [MY-011070] [Server] 'Disabling symbolic links using --skip-symbolic-links (or equivalent) is the default. Consider not using this option as it' is deprecated and will be removed in a future release.
2020-06-12T14:21:32.932659+09:00 0 [System] [MY-010116] [Server] /usr/sbin/mysqld (mysqld 8.0.20) starting as process 1
2020-06-12T14:21:32.945359+09:00 1 [System] [MY-013576] [InnoDB] InnoDB initialization has started.
2020-06-12T14:21:33.189662+09:00 1 [System] [MY-013577] [InnoDB] InnoDB initialization has ended.
2020-06-12T14:21:33.321522+09:00 0 [System] [MY-011323] [Server] X Plugin ready for connections. Socket: '/var/run/mysqld/mysqlx.sock' bind-address: '::' port: 33060
2020-06-12T14:21:33.431517+09:00 0 [Warning] [MY-010068] [Server] CA certificate ca.pem is self signed.
2020-06-12T14:21:33.435574+09:00 0 [Warning] [MY-011810] [Server] Insecure configuration for --pid-file: Location '/var/run/mysqld' in the path is accessible to all OS users. Consider choosing a different directory.
2020-06-12T14:21:33.462032+09:00 0 [System] [MY-010931] [Server] /usr/sbin/mysqld: ready for connections. Version: '8.0.20'  socket: '/var/run/mysqld/mysqld.sock'  port: 3306  MySQL Community Server - GPL.
